# JRE version: Java(TM) SE Runtime Environment (13.0.2+8) (build 13.0.2+8)
# Java VM: Java HotSpot(TM) 64-Bit Server VM (13.0.2+8, mixed mode, sharing, tiered, compressed oops, g1 gc, windows-amd64)
Heap:
 garbage-first heap   total 40960K, used 9512K [0x0000000741000000, 0x0000000800000000)
  region size 1024K, 6 young (6144K), 5 survivors (5120K)
 Metaspace       used 20541K, capacity 21332K, committed 21504K, reserved 1069056K
  class space    used 2527K, capacity 2808K, committed 2816K, reserved 1048576K
GC Heap History (6 events):
Event: 0.687 GC heap before
{Heap before GC invocations=0 (full 0):
 garbage-first heap   total 196608K, used 23552K [0x0000000741000000, 0x0000000800000000)
  region size 1024K, 24 young (24576K), 0 survivors (0K)
 Metaspace       used 6289K, capacity 7896K, committed 8192K, reserved 1056768K
  class space    used 723K, capacity 918K, committed 1024K, reserved 1048576K
}
Event: 0.691 GC heap after
{Heap after GC invocations=1 (full 0):
 garbage-first heap   total 196608K, used 5138K [0x0000000741000000, 0x0000000800000000)
  region size 1024K, 3 young (3072K), 3 survivors (3072K)
 Metaspace       used 6289K, capacity 7896K, committed 8192K, reserved 1056768K
  class space    used 723K, capacity 918K, committed 1024K, reserved 1048576K
}
Event: 0.956 GC heap before
{Heap before GC invocations=1 (full 0):
 garbage-first heap   total 196608K, used 31762K [0x0000000741000000, 0x0000000800000000)
  region size 1024K, 29 young (29696K), 3 survivors (3072K)
 Metaspace       used 12048K, capacity 13187K, committed 13440K, reserved 1060864K
  class space    used 1472K, capacity 1646K, committed 1664K, reserved 1048576K
}
Event: 0.961 GC heap after
{Heap after GC invocations=2 (full 0):
 garbage-first heap   total 196608K, used 6187K [0x0000000741000000, 0x0000000800000000)
  region size 1024K, 1 young (1024K), 1 survivors (1024K)
 Metaspace       used 12048K, capacity 13187K, committed 13440K, reserved 1060864K
  class space    used 1472K, capacity 1646K, committed 1664K, reserved 1048576K
}
Event: 1.529 GC heap before
{Heap before GC invocations=2 (full 0):
 garbage-first heap   total 196608K, used 48171K [0x0000000741000000, 0x0000000800000000)
  region size 1024K, 42 young (43008K), 1 survivors (1024K)
 Metaspace       used 15481K, capacity 15974K, committed 16256K, reserved 1062912K
  class space    used 1886K, capacity 2081K, committed 2176K, reserved 1048576K
}
Event: 1.534 GC heap after
{Heap after GC invocations=3 (full 0):
 garbage-first heap   total 196608K, used 7917K [0x0000000741000000, 0x0000000800000000)
  region size 1024K, 3 young (3072K), 3 survivors (3072K)
 Metaspace       used 15481K, capacity 15974K, committed 16256K, reserved 1062912K
  class space    used 1886K, capacity 2081K, committed 2176K, reserved 1048576K
}

