# JRE version: Java(TM) SE Runtime Environment (13.0.2+8) (build 13.0.2+8)
# Java VM: Java HotSpot(TM) 64-Bit Server VM (13.0.2+8, mixed mode, sharing, tiered, compressed oops, g1 gc, windows-amd64)
Heap:
 garbage-first heap   total 196608K, used 29658K [0x0000000741000000, 0x0000000800000000)
  region size 1024K, 25 young (25600K), 3 survivors (3072K)
 Metaspace       used 19628K, capacity 20283K, committed 20352K, reserved 1067008K
  class space    used 2391K, capacity 2629K, committed 2688K, reserved 1048576K
GC Heap History (6 events):
Event: 0.656 GC heap before
{Heap before GC invocations=0 (full 0):
 garbage-first heap   total 196608K, used 23552K [0x0000000741000000, 0x0000000800000000)
  region size 1024K, 24 young (24576K), 0 survivors (0K)
 Metaspace       used 6335K, capacity 7957K, committed 8192K, reserved 1056768K
  class space    used 731K, capacity 917K, committed 1024K, reserved 1048576K
}
Event: 0.662 GC heap after
{Heap after GC invocations=1 (full 0):
 garbage-first heap   total 196608K, used 5206K [0x0000000741000000, 0x0000000800000000)
  region size 1024K, 3 young (3072K), 3 survivors (3072K)
 Metaspace       used 6335K, capacity 7957K, committed 8192K, reserved 1056768K
  class space    used 731K, capacity 917K, committed 1024K, reserved 1048576K
}
Event: 0.989 GC heap before
{Heap before GC invocations=1 (full 0):
 garbage-first heap   total 196608K, used 35926K [0x0000000741000000, 0x0000000800000000)
  region size 1024K, 33 young (33792K), 3 survivors (3072K)
 Metaspace       used 12783K, capacity 13705K, committed 13824K, reserved 1060864K
  class space    used 1567K, capacity 1733K, committed 1792K, reserved 1048576K
}
Event: 0.994 GC heap after
{Heap after GC invocations=2 (full 0):
 garbage-first heap   total 196608K, used 6410K [0x0000000741000000, 0x0000000800000000)
  region size 1024K, 2 young (2048K), 2 survivors (2048K)
 Metaspace       used 12783K, capacity 13705K, committed 13824K, reserved 1060864K
  class space    used 1567K, capacity 1733K, committed 1792K, reserved 1048576K
}
Event: 1.517 GC heap before
{Heap before GC invocations=2 (full 0):
 garbage-first heap   total 196608K, used 52490K [0x0000000741000000, 0x0000000800000000)
  region size 1024K, 47 young (48128K), 2 survivors (2048K)
 Metaspace       used 15601K, capacity 16185K, committed 16512K, reserved 1062912K
  class space    used 1890K, capacity 2084K, committed 2176K, reserved 1048576K
}
Event: 1.521 GC heap after
{Heap after GC invocations=3 (full 0):
 garbage-first heap   total 196608K, used 8154K [0x0000000741000000, 0x0000000800000000)
  region size 1024K, 3 young (3072K), 3 survivors (3072K)
 Metaspace       used 15601K, capacity 16185K, committed 16512K, reserved 1062912K
  class space    used 1890K, capacity 2084K, committed 2176K, reserved 1048576K
}

